2023-08-06 04:55:40.390603 - Initialized conversion of CBT504
2023-08-06 04:55:40.694007 - Received CBT.V505.FILE504.PDS from FILE504.XMI 
2023-08-06 04:55:40.696552 - Found $$$#DATE.txt (text/plain) in CBT.V505.FILE504.PDS, moved to PDS/$$$#DATE
2023-08-06 04:55:40.697589 - Found $$$DOC.txt (text/plain) in CBT.V505.FILE504.PDS, moved to PDS/$$$DOC
2023-08-06 04:55:40.698542 - Found $$$SETUP.txt (text/plain) in CBT.V505.FILE504.PDS, moved to PDS/$$$SETUP
2023-08-06 04:55:40.699493 - Found @FILE504.txt (text/plain) in CBT.V505.FILE504.PDS, moved to PDS/@FILE504
2023-08-06 04:55:40.700477 - Found ASMACL.txt (text/plain) in CBT.V505.FILE504.PDS, moved to PDS/ASMACL
2023-08-06 04:55:40.701426 - Found DLIB.txt (text/plain) in CBT.V505.FILE504.PDS, moved to PDS/DLIB
2023-08-06 04:55:40.702377 - Found FMIDIN.txt (text/plain) in CBT.V505.FILE504.PDS, moved to PDS/FMIDIN
2023-08-06 04:55:40.703342 - Found FMTLIBAL.jcl (text/plain) in CBT.V505.FILE504.PDS, moved to PDS/FMTLIBAL
2023-08-06 04:55:40.704264 - Found FMTTPRD.jcl (text/plain) in CBT.V505.FILE504.PDS, moved to PDS/FMTTPRD
2023-08-06 04:55:40.705266 - Found INVDSNCC.txt (text/plain) in CBT.V505.FILE504.PDS, moved to PDS/INVDSNCC
2023-08-06 04:55:40.706176 - Found INVFMID1.jcl (text/plain) in CBT.V505.FILE504.PDS, moved to PDS/INVFMID1
2023-08-06 04:55:40.707137 - Found INVLLDUP.txt (text/plain) in CBT.V505.FILE504.PDS, moved to PDS/INVLLDUP
2023-08-06 04:55:40.708074 - Found INVLLSTM.txt (text/plain) in CBT.V505.FILE504.PDS, moved to PDS/INVLLSTM
2023-08-06 04:55:40.708965 - Found INVPRC.txt (text/plain) in CBT.V505.FILE504.PDS, moved to PDS/INVPRC
2023-08-06 04:55:40.709949 - Found INVPREP1.txt (text/plain) in CBT.V505.FILE504.PDS, moved to PDS/INVPREP1
2023-08-06 04:55:40.710833 - Found INVPREP2.txt (text/plain) in CBT.V505.FILE504.PDS, moved to PDS/INVPREP2
2023-08-06 04:55:40.711752 - Found JOBCARD.jcl (text/plain) in CBT.V505.FILE504.PDS, moved to PDS/JOBCARD
2023-08-06 04:55:40.734094 - Found LOADLIB.xmi (application/xmit) in CBT.V505.FILE504.PDS
2023-08-06 04:55:40.740559   - Received RECFM=U data, stored XMIT file as CBT504/LOADLIB.xmi
2023-08-06 04:55:40.741588 - Found SAS.txt (text/plain) in CBT.V505.FILE504.PDS, moved to PDS/SAS
2023-08-06 04:55:40.742612 - Found SASOPTS.txt (text/plain) in CBT.V505.FILE504.PDS, moved to PDS/SASOPTS
2023-08-06 04:55:40.743551 - Found SBGPRCR.jcl (text/plain) in CBT.V505.FILE504.PDS, moved to PDS/SBGPRCR
2023-08-06 04:55:40.744475 - Found SBGPRE.jcl (text/plain) in CBT.V505.FILE504.PDS, moved to PDS/SBGPRE
2023-08-06 04:55:40.745447 - Found SBGSTG1.jcl (text/plain) in CBT.V505.FILE504.PDS, moved to PDS/SBGSTG1
2023-08-06 04:55:40.746404 - Found SBGSTG2.jcl (text/plain) in CBT.V505.FILE504.PDS, moved to PDS/SBGSTG2
2023-08-06 04:55:40.747290 - Found SITEMON.txt (text/plain) in CBT.V505.FILE504.PDS, moved to PDS/SITEMON
2023-08-06 04:55:40.748145 - Found SMPE.txt (text/plain) in CBT.V505.FILE504.PDS, moved to PDS/SMPE
2023-08-06 04:55:40.749026 - Found TLIB.txt (text/plain) in CBT.V505.FILE504.PDS, moved to PDS/TLIB
2023-08-06 04:55:40.749913 - Found WINVPRD1.txt (text/plain) in CBT.V505.FILE504.PDS, moved to PDS/WINVPRD1
2023-08-06 04:55:40.750861 - Found WINVPRD2.txt (text/plain) in CBT.V505.FILE504.PDS, moved to PDS/WINVPRD2
2023-08-06 04:55:40.751738 - Found WVOLALL1.txt (text/plain) in CBT.V505.FILE504.PDS, moved to PDS/WVOLALL1
2023-08-06 04:55:40.752574 - Found WVOLALL2.txt (text/plain) in CBT.V505.FILE504.PDS, moved to PDS/WVOLALL2
2023-08-06 04:55:40.753458 - Found WVOLCOLL.jcl (text/plain) in CBT.V505.FILE504.PDS, moved to PDS/WVOLCOLL
2023-08-06 04:55:40.754412 - Found WVOLCOLM.jcl (text/plain) in CBT.V505.FILE504.PDS, moved to PDS/WVOLCOLM
2023-08-06 04:55:40.755347 - Found WVOLCOLN.jcl (text/plain) in CBT.V505.FILE504.PDS, moved to PDS/WVOLCOLN
2023-08-06 04:55:40.756303 - Found WVOLCOLX.jcl (text/plain) in CBT.V505.FILE504.PDS, moved to PDS/WVOLCOLX
2023-08-06 04:55:40.757233 - Found WVOLCOL0.txt (text/plain) in CBT.V505.FILE504.PDS, moved to PDS/WVOLCOL0
2023-08-06 04:55:40.758127 - Found WVOLCOL1.txt (text/plain) in CBT.V505.FILE504.PDS, moved to PDS/WVOLCOL1
2023-08-06 04:55:40.759048 - Found WVOLRUNI.txt (text/plain) in CBT.V505.FILE504.PDS, moved to PDS/WVOLRUNI
2023-08-06 04:55:40.759997 - Found WVOLRUN1.txt (text/plain) in CBT.V505.FILE504.PDS, moved to PDS/WVOLRUN1
2023-08-06 04:55:40.760865 - Found WVOLSRT2.txt (text/plain) in CBT.V505.FILE504.PDS, moved to PDS/WVOLSRT2
2023-08-06 04:55:40.761744 - Found WVOLSRT5.txt (text/plain) in CBT.V505.FILE504.PDS, moved to PDS/WVOLSRT5
2023-08-06 04:55:40.762621 - Found XLIB.txt (text/plain) in CBT.V505.FILE504.PDS, moved to PDS/XLIB
